<?xml version="1.0" encoding="UTF-8" ?>
<testsuite errors="0" failures="0" hostname="JMRotable" name="adintervall.IntervalTest" tests="32" time="1.126" timestamp="2012-04-10T22:31:55">
  <properties>
[...]
</properties>
  <testcase classname="adintervall.IntervalTest" name="testFactory" time="0.008" />
  <testcase classname="adintervall.IntervalTest" name="testContains" time="0.001" />
  <testcase classname="adintervall.IntervalTest" name="testEquals" time="0.002" />
  <testcase classname="adintervall.IntervalTest" name="testLength" time="0.075" />
  <testcase classname="adintervall.IntervalTest" name="testPlus" time="0.372" />
  <testcase classname="adintervall.IntervalTest" name="testMinus" time="0.148" />
  <testcase classname="adintervall.IntervalTest" name="testMul" time="0.166" />
  <testcase classname="adintervall.IntervalTest" name="testDiv" time="0.029" />
  <testcase classname="adintervall.IntervalTest" name="testnewNai" time="0.001" />
  <testcase classname="adintervall.IntervalTest" name="testKomm" time="0.0" />
  <testcase classname="adintervall.IntervalTest" name="testUnion" time="0.001" />
  <testcase classname="adintervall.IntervalTest" name="test_less" time="0.0" />
  <testcase classname="adintervall.IntervalTest" name="test_greater" time="0.001" />
  <testcase classname="adintervall.IntervalTest" name="test_pLess" time="0.001" />
  <testcase classname="adintervall.IntervalTest" name="test_less_d" time="0.0" />
  <testcase classname="adintervall.IntervalTest" name="test_pLess_d" time="0.001" />
  <testcase classname="adintervall.IntervalTest" name="test_square" time="0.001" />
  <testcase classname="adintervall.IntervalTest" name="testequalsnew" time="0.001" />
  <testcase classname="adintervall.IntervalTest" name="get_bounds_test" time="0.001" />
  <testcase classname="adintervall.IntervalTest" name="testIntersection" time="0.002" />
  <testcase classname="adintervall.IntervalTest" name="testDifference" time="0.002" />
  <testcase classname="adintervall.IntervalTest" name="test_lessEqual" time="0.001" />
  <testcase classname="adintervall.IntervalTest" name="test_greaterEqual" time="0.0" />
  <testcase classname="adintervall.IntervalTest" name="test_pLessEqual" time="0.001" />
  <testcase classname="adintervall.IntervalTest" name="test_pGreater" time="0.0" />
  <testcase classname="adintervall.IntervalTest" name="test_pGreaterEqual" time="0.0" />
  <testcase classname="adintervall.IntervalTest" name="test_lessEqual_d" time="0.0" />
  <testcase classname="adintervall.IntervalTest" name="test_greater_d" time="0.0" />
  <testcase classname="adintervall.IntervalTest" name="test_greaterEqual_d" time="0.001" />
  <testcase classname="adintervall.IntervalTest" name="test_pLessEqual_d" time="0.0" />
  <testcase classname="adintervall.IntervalTest" name="test_pGreater_d" time="0.002" />
  <testcase classname="adintervall.IntervalTest" name="test_pGreaterEqual_d" time="0.0" />
  <system-out><![CDATA[#-- Testing Factory --#
FactoryInterval.createInterval(NaN) => [ NaN , NaN ]
FactoryInterval.createInterval(1d, 7d) => [ 1.0 , 7.0 ]
FactoryInterval.createInterval(-inf, +inf) => [ -Infinity , Infinity ]

#-- Testing Contains --#
[ 1.0 , 2.0 ].contains([ 1.0 , 2.0 ]) => true
[ 1.0 , 2.0 ].contains(3.0) => false
[ -Infinity , Infinity ].contains(1.0) => true

#-- Testing Equals --#
[ 1.0 , 5.0 ].equals([ -5.0 , -1.0 ]) => false
[ NaN , NaN ].equals([ NaN , NaN ]) => false
[ 1.0 , 5.0 ].equals([ 1.0 , 5.0 ]) => true

#-- Testing Length --#
[ 5.0 , 5.0 ].length() => 0.0
[ 1.0 , 5.0 ].length() => 4.0

#-- Testing Plus --#
[ 1.0 , 5.0 ].plus([ -5.0 , -1.0 ]) => [ -4.0 , 4.0 ]
Interval.zeroInterval.plus([ 1.0 , 5.0 ]) => [ 1.0 , 5.0 ]

#-- Testing Minus --#
[ 1.0 , 5.0 ].minus([ -5.0 , -1.0 ]) => [ 2.0 , 10.0 ]
Interval.zeroInterval.minus([ 1.0 , 5.0 ]) => [ -5.0 , -1.0 ]

#-- Testing Multi --#
[ -Infinity , Infinity ].multi([ -Infinity , Infinity ]) => [ -Infinity , Infinity ]
[ 1.0 , 5.0 ].multi([ -5.0 , -1.0 ]) => [ -25.0 , -1.0 ]
[ -5.0 , -1.0 ].multi(Interval.oneInterval) => [ -5.0 , -1.0 ]

#-- Testing Div --#
[ -5.0 , -1.0 ].div(Interval.oneInterval) => [ -5.0 , -1.0 ]
[ 1.0 , 5.0 ].div([ -5.0 , -1.0 ]) => [ -5.0 , -0.2 ]
[ NaN , NaN ].div([ NaN , NaN ]) => [ NaN , NaN ]

#-- Testing Union --#
[ 1.0 , 2.0 ].union([ 2.0 , 3.0 ]) => [ 1.0 , 3.0 ]
[ 2.0 , 3.0 ].union([ 3.0 , 4.0 ]) => [ 2.0 , 4.0 ]

#-- Testing Bounds --#
[ -5.0 , 5.0 ].getLowerBound() => -5.0 == -5.0
[ -5.0 , 5.0 ].getUpperBound() => 5.0 == 5.0

#-- Testing Intersection --#
[ 1.0 , 3.0 ].intersection([ 2.0 , 4.0 ]) => [ 2.0 , 3.0 ]
[ 3.0 , 4.0 ].union([ 1.0 , 2.0 ].intersection( [ 2.0 , 3.0 ] )) => [ 3.0 , 4.0 ].union([ 2.0 , 2.0 ] ) => [ NaN , NaN ]
[ 3.0 , 4.0 ].intersection([ 1.0 , 2.0 ].intersection([ 2.0 , 3.0 ])) => [ 3.0 , 4.0 ].intersection([ 2.0 , 2.0 ]) => [ NaN , NaN ]
[ 1.0 , 2.0 ].intersection([ 2.0 , 3.0 ].intersection([ 3.0 , 4.0 ])) => [ 1.0 , 2.0 ].intersection([ 3.0 , 3.0 ]) => [ NaN , NaN ]

#-- Testing Difference --#
[ -Infinity , Infinity ].difference([ 1.0 , 2.0 ]) => [ NaN , NaN ]
[ 1.0 , 2.0 ].difference([ -Infinity , Infinity ]) => [ NaN , NaN ]

]]></system-out>
  <system-err><![CDATA[]]></system-err>
</testsuite>
