<?xml version="1.0" encoding="UTF-8" ?>
<testsuite errors="0" failures="0" hostname="Deahnote" name="adintervall.IntervalTest" tests="9" time="3.111" timestamp="2012-04-05T12:03:35">
  <properties>
[...]
</properties>
  <testcase classname="adintervall.IntervalTest" name="get_bounds_test" time="0.008" />
  <testcase classname="adintervall.IntervalTest" name="testMinus" time="0.734" />
  <testcase classname="adintervall.IntervalTest" name="testDiv" time="0.164" />
  <testcase classname="adintervall.IntervalTest" name="testMul" time="0.113" />
  <testcase classname="adintervall.IntervalTest" name="testFactory" time="0.001" />
  <testcase classname="adintervall.IntervalTest" name="testPlus" time="0.42" />
  <testcase classname="adintervall.IntervalTest" name="testLength" time="0.053" />
  <testcase classname="adintervall.IntervalTest" name="testEquals" time="0.003" />
  <testcase classname="adintervall.IntervalTest" name="testContains" time="0.102" />
  <system-out><![CDATA[testing getBounds()...
testing minus()...
testing div()...
testing mul()...
testing createInterval()...
testing plus()...
testing length()...
testing equals()...
testing contains()...
]]></system-out>
  <system-err><![CDATA[]]></system-err>
</testsuite>
